<?xml version="1.0" encoding="UTF-8"?>
<!-- Generated by org.testng.reporters.JUnitReportReporter -->
<testsuite hostname="DESKTOP-GRE8QJG" failures="0" tests="2" name="collections1.DataDrivenByHashMap" time="0.028" errors="0" timestamp="01 Feb 2022 03:37:21 GMT" skipped="0">
  <testcase classname="collections1.DataDrivenByHashMap" name="extracData" time="0.013"/>
  <testcase classname="collections1.DataDrivenByHashMap" name="extracData" time="0.015"/>
</testsuite> <!-- collections1.DataDrivenByHashMap -->
