<?xml version="1.0" encoding="UTF-8"?>
<!-- Generated by org.testng.reporters.JUnitReportReporter -->
<testsuite hostname="DESKTOP-GRE8QJG" failures="0" tests="2" name="collections1.DataDrivenByHeardCodingData" time="0.025" errors="0" timestamp="10 Feb 2022 02:58:18 GMT" skipped="0">
  <testcase classname="collections1.DataDrivenByHeardCodingData" name="extracData" time="0.015"/>
  <testcase classname="collections1.DataDrivenByHeardCodingData" name="extracData" time="0.010"/>
</testsuite> <!-- collections1.DataDrivenByHeardCodingData -->
