<?xml version="1.0" encoding="UTF-8"?>
<!-- Generated by org.testng.reporters.JUnitReportReporter -->
<testsuite hostname="DESKTOP-GRE8QJG" failures="0" tests="3" name="collections1.DataDriven_UsingHashMap" time="0.032" errors="0" timestamp="10 Feb 2022 03:01:41 GMT" skipped="0">
  <testcase classname="collections1.DataDriven_UsingHashMap" name="data1" time="0.023"/>
  <testcase classname="collections1.DataDriven_UsingHashMap" name="data1" time="0.007"/>
  <testcase classname="collections1.DataDriven_UsingHashMap" name="data1" time="0.002"/>
</testsuite> <!-- collections1.DataDriven_UsingHashMap -->
